<?xml version="1.0" encoding="UTF-8"?>
<!-- Generated by org.testng.reporters.JUnitReportReporter -->
<testsuite skipped="0" hostname="RAJESH-PC" name="com.vtiger.tests.E2E" tests="1" failures="0" timestamp="19 Oct 2019 06:43:45 GMT" time="20.705" errors="0">
  <testcase name="TestCase4_leadcreation" time="20.705" classname="com.vtiger.tests.E2E"/>
</testsuite> <!-- com.vtiger.tests.E2E -->
